[0.000000] (-) TimerEvent: {}
[0.000494] (pivot_planner) JobQueued: {'identifier': 'pivot_planner', 'dependencies': OrderedDict()}
[0.000538] (pivot_planner) JobStarted: {'identifier': 'pivot_planner'}
[0.013891] (pivot_planner) JobProgress: {'identifier': 'pivot_planner', 'progress': 'cmake'}
[0.015155] (pivot_planner) Command: {'cmd': ['/usr/bin/cmake', '/home/behrad/ros2_ws/src/pivot_planner', '-DCMAKE_INSTALL_PREFIX=/home/behrad/ros2_ws/src/pivot_planner/install/pivot_planner'], 'cwd': '/home/behrad/ros2_ws/src/pivot_planner/build/pivot_planner', 'env': OrderedDict({'GZ_SIM_RESOURCE_PATH': '/opt/ros/jazzy/share', 'USER': 'behrad', 'GZ_CONFIG_PATH': '/opt/ros/jazzy/opt/gz_sim_vendor/share/gz:/opt/ros/jazzy/opt/sdformat_vendor/share/gz:/opt/ros/jazzy/opt/gz_gui_vendor/share/gz:/opt/ros/jazzy/opt/gz_transport_vendor/share/gz:/opt/ros/jazzy/opt/gz_rendering_vendor/share/gz:/opt/ros/jazzy/opt/gz_plugin_vendor/share/gz:/opt/ros/jazzy/opt/gz_fuel_tools_vendor/share/gz:/opt/ros/jazzy/opt/gz_msgs_vendor/share/gz:/opt/ros/jazzy/opt/gz_common_vendor/share/gz', 'XDG_SESSION_TYPE': 'wayland', 'CLUTTER_DISABLE_MIPMAPPED_TEXT': '1', 'SHLVL': '1', 'LD_LIBRARY_PATH': '/opt/ros/jazzy/opt/gz_sim_vendor/lib:/opt/ros/jazzy/opt/gz_sensors_vendor/lib:/opt/ros/jazzy/opt/gz_physics_vendor/lib:/opt/ros/jazzy/opt/sdformat_vendor/lib:/opt/ros/jazzy/opt/rviz_ogre_vendor/lib:/opt/ros/jazzy/lib/x86_64-linux-gnu:/opt/ros/jazzy/opt/gz_gui_vendor/lib:/opt/ros/jazzy/opt/gz_transport_vendor/lib:/opt/ros/jazzy/opt/gz_rendering_vendor/lib:/opt/ros/jazzy/opt/gz_plugin_vendor/lib:/opt/ros/jazzy/opt/gz_fuel_tools_vendor/lib:/opt/ros/jazzy/opt/gz_msgs_vendor/lib:/opt/ros/jazzy/opt/gz_common_vendor/lib:/opt/ros/jazzy/opt/gz_math_vendor/lib:/opt/ros/jazzy/opt/gz_utils_vendor/lib:/opt/ros/jazzy/opt/gz_tools_vendor/lib:/opt/ros/jazzy/opt/gz_ogre_next_vendor/lib:/opt/ros/jazzy/opt/gz_dartsim_vendor/lib:/opt/ros/jazzy/opt/gz_cmake_vendor/lib:/opt/ros/jazzy/lib', 'HOME': '/home/behrad', 'OLDPWD': '/home/behrad', 'DESKTOP_SESSION': 'ubuntu', 'ROS_PYTHON_VERSION': '3', 'GNOME_SHELL_SESSION_MODE': 'ubuntu', 'GTK_MODULES': 'gail:atk-bridge', 'SYSTEMD_EXEC_PID': '2246', 'GSM_SKIP_SSH_AGENT_WORKAROUND': 'true', 'DBUS_SESSION_BUS_ADDRESS': 'unix:path=/run/user/1000/bus', 'COLORTERM': 'truecolor', 'DEBUGINFOD_URLS': 'https://debuginfod.ubuntu.com', 'IM_CONFIG_PHASE': '1', 'WAYLAND_DISPLAY': 'wayland-0', 'COLCON_PREFIX_PATH': '/home/behrad/ros2_ws/install', 'ROS_DISTRO': 'jazzy', 'LOGNAME': 'behrad', '_': '/usr/bin/colcon', 'ROS_VERSION': '2', 'MEMORY_PRESSURE_WATCH': '/sys/fs/cgroup/user.slice/user-1000.slice/user@1000.service/session.slice/org.gnome.Shell@wayland.service/memory.pressure', 'XDG_SESSION_CLASS': 'user', 'USERNAME': 'behrad', 'TERM': 'xterm-256color', 'GNOME_DESKTOP_SESSION_ID': 'this-is-deprecated', 'PATH': '/home/behrad/.local/bin:/opt/ros/jazzy/opt/gz_msgs_vendor/bin:/opt/ros/jazzy/opt/gz_tools_vendor/bin:/opt/ros/jazzy/opt/gz_ogre_next_vendor/bin:/opt/ros/jazzy/bin:/usr/local/sbin:/usr/local/bin:/usr/sbin:/usr/bin:/sbin:/bin:/usr/games:/usr/local/games:/snap/bin:/snap/bin', 'SESSION_MANAGER': 'local/behrad-Yoga-9-2-in-1-14IMH9:@/tmp/.ICE-unix/2157,unix/behrad-Yoga-9-2-in-1-14IMH9:/tmp/.ICE-unix/2157', 'XDG_MENU_PREFIX': 'gnome-', 'GNOME_TERMINAL_SCREEN': '/org/gnome/Terminal/screen/9aa8ef42_08bc_4e01_ad8d_62362de0c411', 'GNOME_SETUP_DISPLAY': ':1', 'XDG_RUNTIME_DIR': '/run/user/1000', 'DISPLAY': ':0', 'LANG': 'en_US.UTF-8', 'XDG_CURRENT_DESKTOP': 'ubuntu:GNOME', 'XMODIFIERS': '@im=ibus', 'XDG_SESSION_DESKTOP': 'ubuntu', 'XAUTHORITY': '/run/user/1000/.mutter-Xwaylandauth.D39NG3', 'GNOME_TERMINAL_SERVICE': ':1.278', 'SSH_AUTH_SOCK': '/run/user/1000/keyring/ssh', 'AMENT_PREFIX_PATH': '/home/behrad/ros2_ws/install/roverrobotics_input_manager:/home/behrad/ros2_ws/install/roverrobotics_gazebo:/home/behrad/ros2_ws/install/roverrobotics_driver:/home/behrad/ros2_ws/install/roverrobotics_description:/home/behrad/ros2_ws/install/pivot_planner:/home/behrad/ros2_ws/install/pathfinding_astar:/opt/ros/jazzy', 'SHELL': '/bin/bash', 'QT_ACCESSIBILITY': '1', 'GDMSESSION': 'ubuntu', 'ROS_AUTOMATIC_DISCOVERY_RANGE': 'SUBNET', 'QT_IM_MODULE': 'ibus', 'PWD': '/home/behrad/ros2_ws/src/pivot_planner/build/pivot_planner', 'XDG_CONFIG_DIRS': '/etc/xdg/xdg-ubuntu:/etc/xdg', 'XDG_DATA_DIRS': '/usr/share/ubuntu:/usr/share/gnome:/home/behrad/.local/share/flatpak/exports/share:/var/lib/flatpak/exports/share:/usr/local/share/:/usr/share/:/var/lib/snapd/desktop', 'PYTHONPATH': '/home/behrad/ros2_ws/install/pathfinding_astar/lib/python3.12/site-packages:/opt/ros/jazzy/lib/python3.12/site-packages', 'COLCON': '1', 'MEMORY_PRESSURE_WRITE': 'c29tZSAyMDAwMDAgMjAwMDAwMAA=', 'VTE_VERSION': '7600', 'CMAKE_PREFIX_PATH': '/home/behrad/ros2_ws/install/roverrobotics_input_manager:/home/behrad/ros2_ws/install/roverrobotics_gazebo:/home/behrad/ros2_ws/install/roverrobotics_driver:/home/behrad/ros2_ws/install/roverrobotics_description:/home/behrad/ros2_ws/install/pivot_planner:/opt/ros/jazzy/opt/gz_sim_vendor:/opt/ros/jazzy/opt/gz_sensors_vendor:/opt/ros/jazzy/opt/gz_physics_vendor:/opt/ros/jazzy/opt/sdformat_vendor:/opt/ros/jazzy/opt/gz_gui_vendor:/opt/ros/jazzy/opt/gz_transport_vendor:/opt/ros/jazzy/opt/gz_rendering_vendor:/opt/ros/jazzy/opt/gz_plugin_vendor:/opt/ros/jazzy/opt/gz_fuel_tools_vendor:/opt/ros/jazzy/opt/gz_msgs_vendor:/opt/ros/jazzy/opt/gz_common_vendor:/opt/ros/jazzy/opt/gz_math_vendor:/opt/ros/jazzy/opt/gz_utils_vendor:/opt/ros/jazzy/opt/gz_tools_vendor:/opt/ros/jazzy/opt/gz_ogre_next_vendor:/opt/ros/jazzy/opt/gz_dartsim_vendor:/opt/ros/jazzy/opt/gz_cmake_vendor:/home/behrad/ros2_ws/install/pathfinding_astar:/opt/ros/jazzy'}), 'shell': False}
[0.099073] (-) TimerEvent: {}
[0.154965] (pivot_planner) StdoutLine: {'line': b'-- The C compiler identification is GNU 13.3.0\n'}
[0.199212] (-) TimerEvent: {}
[0.247181] (pivot_planner) StdoutLine: {'line': b'-- The CXX compiler identification is GNU 13.3.0\n'}
[0.286453] (pivot_planner) StdoutLine: {'line': b'-- Detecting C compiler ABI info\n'}
[0.299403] (-) TimerEvent: {}
[0.399875] (-) TimerEvent: {}
[0.435807] (pivot_planner) StdoutLine: {'line': b'-- Detecting C compiler ABI info - done\n'}
[0.454314] (pivot_planner) StdoutLine: {'line': b'-- Check for working C compiler: /usr/bin/cc - skipped\n'}
[0.454830] (pivot_planner) StdoutLine: {'line': b'-- Detecting C compile features\n'}
[0.455289] (pivot_planner) StdoutLine: {'line': b'-- Detecting C compile features - done\n'}
[0.475550] (pivot_planner) StdoutLine: {'line': b'-- Detecting CXX compiler ABI info\n'}
[0.500183] (-) TimerEvent: {}
[0.600845] (-) TimerEvent: {}
[0.653370] (pivot_planner) StdoutLine: {'line': b'-- Detecting CXX compiler ABI info - done\n'}
[0.672379] (pivot_planner) StdoutLine: {'line': b'-- Check for working CXX compiler: /usr/bin/c++ - skipped\n'}
[0.672886] (pivot_planner) StdoutLine: {'line': b'-- Detecting CXX compile features\n'}
[0.673501] (pivot_planner) StdoutLine: {'line': b'-- Detecting CXX compile features - done\n'}
[0.700940] (-) TimerEvent: {}
[0.723613] (pivot_planner) StdoutLine: {'line': b'-- Found ament_cmake: 2.5.4 (/opt/ros/jazzy/share/ament_cmake/cmake)\n'}
[0.801069] (-) TimerEvent: {}
[0.901497] (-) TimerEvent: {}
[0.955558] (pivot_planner) StdoutLine: {'line': b'-- Found Python3: /usr/bin/python3 (found version "3.12.3") found components: Interpreter \n'}
[1.001604] (-) TimerEvent: {}
[1.101945] (-) TimerEvent: {}
[1.162055] (pivot_planner) StdoutLine: {'line': b'-- Found rclcpp: 28.1.12 (/opt/ros/jazzy/share/rclcpp/cmake)\n'}
[1.202078] (-) TimerEvent: {}
[1.224066] (pivot_planner) StdoutLine: {'line': b'-- Found rosidl_generator_c: 4.6.6 (/opt/ros/jazzy/share/rosidl_generator_c/cmake)\n'}
[1.241351] (pivot_planner) StdoutLine: {'line': b'-- Found rosidl_generator_cpp: 4.6.6 (/opt/ros/jazzy/share/rosidl_generator_cpp/cmake)\n'}
[1.269705] (pivot_planner) StdoutLine: {'line': b'-- Using all available rosidl_typesupport_c: rosidl_typesupport_fastrtps_c;rosidl_typesupport_introspection_c\n'}
[1.298303] (pivot_planner) StdoutLine: {'line': b'-- Using all available rosidl_typesupport_cpp: rosidl_typesupport_fastrtps_cpp;rosidl_typesupport_introspection_cpp\n'}
[1.302173] (-) TimerEvent: {}
[1.381322] (pivot_planner) StdoutLine: {'line': b'-- Found rmw_implementation_cmake: 7.3.2 (/opt/ros/jazzy/share/rmw_implementation_cmake/cmake)\n'}
[1.385100] (pivot_planner) StdoutLine: {'line': b'-- Found rmw_fastrtps_cpp: 8.4.3 (/opt/ros/jazzy/share/rmw_fastrtps_cpp/cmake)\n'}
[1.402300] (-) TimerEvent: {}
[1.502619] (-) TimerEvent: {}
[1.510334] (pivot_planner) StdoutLine: {'line': b'-- Found OpenSSL: /usr/lib/x86_64-linux-gnu/libcrypto.so (found version "3.0.13")  \n'}
[1.544184] (pivot_planner) StdoutLine: {'line': b'-- Found FastRTPS: /opt/ros/jazzy/include (Required is at least version "2.13") \n'}
[1.586345] (pivot_planner) StdoutLine: {'line': b"-- Using RMW implementation 'rmw_fastrtps_cpp' as default\n"}
[1.602743] (-) TimerEvent: {}
[1.680983] (pivot_planner) StdoutLine: {'line': b'-- Found std_msgs: 5.3.6 (/opt/ros/jazzy/share/std_msgs/cmake)\n'}
[1.695931] (pivot_planner) StdoutLine: {'line': b'-- Found geometry_msgs: 5.3.6 (/opt/ros/jazzy/share/geometry_msgs/cmake)\n'}
[1.702831] (-) TimerEvent: {}
[1.712336] (pivot_planner) StdoutLine: {'line': b'-- Found nav_msgs: 5.3.6 (/opt/ros/jazzy/share/nav_msgs/cmake)\n'}
[1.740672] (pivot_planner) StdoutLine: {'line': b'-- Found visualization_msgs: 5.3.6 (/opt/ros/jazzy/share/visualization_msgs/cmake)\n'}
[1.803009] (-) TimerEvent: {}
[1.804161] (pivot_planner) StdoutLine: {'line': b'-- Found tf2: 0.36.14 (/opt/ros/jazzy/share/tf2/cmake)\n'}
[1.810336] (pivot_planner) StdoutLine: {'line': b'-- Found tf2_ros: 0.36.14 (/opt/ros/jazzy/share/tf2_ros/cmake)\n'}
[1.903313] (-) TimerEvent: {}
[1.946002] (pivot_planner) StdoutLine: {'line': b'-- Found tf2_geometry_msgs: 0.36.14 (/opt/ros/jazzy/share/tf2_geometry_msgs/cmake)\n'}
[1.965630] (pivot_planner) StdoutLine: {'line': b'-- Found eigen3_cmake_module: 0.3.0 (/opt/ros/jazzy/share/eigen3_cmake_module/cmake)\n'}
[1.966881] (pivot_planner) StdoutLine: {'line': b'-- Found Eigen3: TRUE (found version "3.4.0") \n'}
[1.967078] (pivot_planner) StdoutLine: {'line': b'-- Ensuring Eigen3 include directory is part of orocos-kdl CMake target\n'}
[1.978003] (pivot_planner) StdoutLine: {'line': b'-- Found OpenCV: /usr (found version "4.6.0") \n'}
[2.003423] (-) TimerEvent: {}
[2.103824] (-) TimerEvent: {}
[2.104879] (pivot_planner) StdoutLine: {'line': b'-- Found CURL: /usr/lib/x86_64-linux-gnu/libcurl.so (found version "8.5.0")  \n'}
[2.111664] (pivot_planner) StdoutLine: {'line': b'-- Found nlohmann_json: /usr/share/cmake/nlohmann_json/nlohmann_jsonConfig.cmake (found version "3.11.3") \n'}
[2.124971] (pivot_planner) StdoutLine: {'line': b'-- Found ament_lint_auto: 0.17.3 (/opt/ros/jazzy/share/ament_lint_auto/cmake)\n'}
[2.203967] (-) TimerEvent: {}
[2.304443] (-) TimerEvent: {}
[2.314411] (pivot_planner) StdoutLine: {'line': b"-- Added test 'copyright' to check source files copyright and LICENSE\n"}
[2.320849] (pivot_planner) StdoutLine: {'line': b"-- Added test 'cppcheck' to perform static code analysis on C / C++ code\n"}
[2.321341] (pivot_planner) StdoutLine: {'line': b'-- Configured cppcheck include dirs: /home/behrad/ros2_ws/src/pivot_planner/include\n'}
[2.321489] (pivot_planner) StdoutLine: {'line': b'-- Configured cppcheck exclude dirs and/or files: \n'}
[2.326808] (pivot_planner) StdoutLine: {'line': b"-- Added test 'cpplint' to check C / C++ code against the Google style\n"}
[2.326974] (pivot_planner) StdoutLine: {'line': b'-- Configured cpplint exclude dirs and/or files: \n'}
[2.328262] (pivot_planner) StdoutLine: {'line': b"-- Added test 'flake8' to check Python code syntax and style conventions\n"}
[2.328438] (pivot_planner) StdoutLine: {'line': b"-- Configured 'flake8' exclude dirs and/or files: \n"}
[2.330494] (pivot_planner) StdoutLine: {'line': b"-- Added test 'lint_cmake' to check CMake code style\n"}
[2.331895] (pivot_planner) StdoutLine: {'line': b"-- Added test 'pep257' to check Python code against some of the docstring style conventions in PEP 257\n"}
[2.336140] (pivot_planner) StdoutLine: {'line': b"-- Added test 'uncrustify' to check C / C++ code style\n"}
[2.336326] (pivot_planner) StdoutLine: {'line': b'-- Configured uncrustify additional arguments: \n'}
[2.337322] (pivot_planner) StdoutLine: {'line': b"-- Added test 'xmllint' to check XML markup files\n"}
[2.338963] (pivot_planner) StdoutLine: {'line': b'-- Configuring done (2.3s)\n'}
[2.369931] (pivot_planner) StdoutLine: {'line': b'-- Generating done (0.0s)\n'}
[2.384571] (pivot_planner) StdoutLine: {'line': b'-- Build files have been written to: /home/behrad/ros2_ws/src/pivot_planner/build/pivot_planner\n'}
[2.402386] (pivot_planner) CommandEnded: {'returncode': 0}
[2.402897] (pivot_planner) JobProgress: {'identifier': 'pivot_planner', 'progress': 'build'}
[2.404469] (pivot_planner) Command: {'cmd': ['/usr/bin/cmake', '--build', '/home/behrad/ros2_ws/src/pivot_planner/build/pivot_planner', '--', '-j22', '-l22'], 'cwd': '/home/behrad/ros2_ws/src/pivot_planner/build/pivot_planner', 'env': OrderedDict({'GZ_SIM_RESOURCE_PATH': '/opt/ros/jazzy/share', 'USER': 'behrad', 'GZ_CONFIG_PATH': '/opt/ros/jazzy/opt/gz_sim_vendor/share/gz:/opt/ros/jazzy/opt/sdformat_vendor/share/gz:/opt/ros/jazzy/opt/gz_gui_vendor/share/gz:/opt/ros/jazzy/opt/gz_transport_vendor/share/gz:/opt/ros/jazzy/opt/gz_rendering_vendor/share/gz:/opt/ros/jazzy/opt/gz_plugin_vendor/share/gz:/opt/ros/jazzy/opt/gz_fuel_tools_vendor/share/gz:/opt/ros/jazzy/opt/gz_msgs_vendor/share/gz:/opt/ros/jazzy/opt/gz_common_vendor/share/gz', 'XDG_SESSION_TYPE': 'wayland', 'CLUTTER_DISABLE_MIPMAPPED_TEXT': '1', 'SHLVL': '1', 'LD_LIBRARY_PATH': '/opt/ros/jazzy/opt/gz_sim_vendor/lib:/opt/ros/jazzy/opt/gz_sensors_vendor/lib:/opt/ros/jazzy/opt/gz_physics_vendor/lib:/opt/ros/jazzy/opt/sdformat_vendor/lib:/opt/ros/jazzy/opt/rviz_ogre_vendor/lib:/opt/ros/jazzy/lib/x86_64-linux-gnu:/opt/ros/jazzy/opt/gz_gui_vendor/lib:/opt/ros/jazzy/opt/gz_transport_vendor/lib:/opt/ros/jazzy/opt/gz_rendering_vendor/lib:/opt/ros/jazzy/opt/gz_plugin_vendor/lib:/opt/ros/jazzy/opt/gz_fuel_tools_vendor/lib:/opt/ros/jazzy/opt/gz_msgs_vendor/lib:/opt/ros/jazzy/opt/gz_common_vendor/lib:/opt/ros/jazzy/opt/gz_math_vendor/lib:/opt/ros/jazzy/opt/gz_utils_vendor/lib:/opt/ros/jazzy/opt/gz_tools_vendor/lib:/opt/ros/jazzy/opt/gz_ogre_next_vendor/lib:/opt/ros/jazzy/opt/gz_dartsim_vendor/lib:/opt/ros/jazzy/opt/gz_cmake_vendor/lib:/opt/ros/jazzy/lib', 'HOME': '/home/behrad', 'OLDPWD': '/home/behrad', 'DESKTOP_SESSION': 'ubuntu', 'ROS_PYTHON_VERSION': '3', 'GNOME_SHELL_SESSION_MODE': 'ubuntu', 'GTK_MODULES': 'gail:atk-bridge', 'SYSTEMD_EXEC_PID': '2246', 'GSM_SKIP_SSH_AGENT_WORKAROUND': 'true', 'DBUS_SESSION_BUS_ADDRESS': 'unix:path=/run/user/1000/bus', 'COLORTERM': 'truecolor', 'DEBUGINFOD_URLS': 'https://debuginfod.ubuntu.com', 'IM_CONFIG_PHASE': '1', 'WAYLAND_DISPLAY': 'wayland-0', 'COLCON_PREFIX_PATH': '/home/behrad/ros2_ws/install', 'ROS_DISTRO': 'jazzy', 'LOGNAME': 'behrad', '_': '/usr/bin/colcon', 'ROS_VERSION': '2', 'MEMORY_PRESSURE_WATCH': '/sys/fs/cgroup/user.slice/user-1000.slice/user@1000.service/session.slice/org.gnome.Shell@wayland.service/memory.pressure', 'XDG_SESSION_CLASS': 'user', 'USERNAME': 'behrad', 'TERM': 'xterm-256color', 'GNOME_DESKTOP_SESSION_ID': 'this-is-deprecated', 'PATH': '/home/behrad/.local/bin:/opt/ros/jazzy/opt/gz_msgs_vendor/bin:/opt/ros/jazzy/opt/gz_tools_vendor/bin:/opt/ros/jazzy/opt/gz_ogre_next_vendor/bin:/opt/ros/jazzy/bin:/usr/local/sbin:/usr/local/bin:/usr/sbin:/usr/bin:/sbin:/bin:/usr/games:/usr/local/games:/snap/bin:/snap/bin', 'SESSION_MANAGER': 'local/behrad-Yoga-9-2-in-1-14IMH9:@/tmp/.ICE-unix/2157,unix/behrad-Yoga-9-2-in-1-14IMH9:/tmp/.ICE-unix/2157', 'XDG_MENU_PREFIX': 'gnome-', 'GNOME_TERMINAL_SCREEN': '/org/gnome/Terminal/screen/9aa8ef42_08bc_4e01_ad8d_62362de0c411', 'GNOME_SETUP_DISPLAY': ':1', 'XDG_RUNTIME_DIR': '/run/user/1000', 'DISPLAY': ':0', 'LANG': 'en_US.UTF-8', 'XDG_CURRENT_DESKTOP': 'ubuntu:GNOME', 'XMODIFIERS': '@im=ibus', 'XDG_SESSION_DESKTOP': 'ubuntu', 'XAUTHORITY': '/run/user/1000/.mutter-Xwaylandauth.D39NG3', 'GNOME_TERMINAL_SERVICE': ':1.278', 'SSH_AUTH_SOCK': '/run/user/1000/keyring/ssh', 'AMENT_PREFIX_PATH': '/home/behrad/ros2_ws/install/roverrobotics_input_manager:/home/behrad/ros2_ws/install/roverrobotics_gazebo:/home/behrad/ros2_ws/install/roverrobotics_driver:/home/behrad/ros2_ws/install/roverrobotics_description:/home/behrad/ros2_ws/install/pivot_planner:/home/behrad/ros2_ws/install/pathfinding_astar:/opt/ros/jazzy', 'SHELL': '/bin/bash', 'QT_ACCESSIBILITY': '1', 'GDMSESSION': 'ubuntu', 'ROS_AUTOMATIC_DISCOVERY_RANGE': 'SUBNET', 'QT_IM_MODULE': 'ibus', 'PWD': '/home/behrad/ros2_ws/src/pivot_planner/build/pivot_planner', 'XDG_CONFIG_DIRS': '/etc/xdg/xdg-ubuntu:/etc/xdg', 'XDG_DATA_DIRS': '/usr/share/ubuntu:/usr/share/gnome:/home/behrad/.local/share/flatpak/exports/share:/var/lib/flatpak/exports/share:/usr/local/share/:/usr/share/:/var/lib/snapd/desktop', 'PYTHONPATH': '/home/behrad/ros2_ws/install/pathfinding_astar/lib/python3.12/site-packages:/opt/ros/jazzy/lib/python3.12/site-packages', 'COLCON': '1', 'MEMORY_PRESSURE_WRITE': 'c29tZSAyMDAwMDAgMjAwMDAwMAA=', 'VTE_VERSION': '7600', 'CMAKE_PREFIX_PATH': '/home/behrad/ros2_ws/install/roverrobotics_input_manager:/home/behrad/ros2_ws/install/roverrobotics_gazebo:/home/behrad/ros2_ws/install/roverrobotics_driver:/home/behrad/ros2_ws/install/roverrobotics_description:/home/behrad/ros2_ws/install/pivot_planner:/opt/ros/jazzy/opt/gz_sim_vendor:/opt/ros/jazzy/opt/gz_sensors_vendor:/opt/ros/jazzy/opt/gz_physics_vendor:/opt/ros/jazzy/opt/sdformat_vendor:/opt/ros/jazzy/opt/gz_gui_vendor:/opt/ros/jazzy/opt/gz_transport_vendor:/opt/ros/jazzy/opt/gz_rendering_vendor:/opt/ros/jazzy/opt/gz_plugin_vendor:/opt/ros/jazzy/opt/gz_fuel_tools_vendor:/opt/ros/jazzy/opt/gz_msgs_vendor:/opt/ros/jazzy/opt/gz_common_vendor:/opt/ros/jazzy/opt/gz_math_vendor:/opt/ros/jazzy/opt/gz_utils_vendor:/opt/ros/jazzy/opt/gz_tools_vendor:/opt/ros/jazzy/opt/gz_ogre_next_vendor:/opt/ros/jazzy/opt/gz_dartsim_vendor:/opt/ros/jazzy/opt/gz_cmake_vendor:/home/behrad/ros2_ws/install/pathfinding_astar:/opt/ros/jazzy'}), 'shell': False}
[2.405004] (-) TimerEvent: {}
[2.497666] (pivot_planner) StdoutLine: {'line': b'[ 30%] \x1b[32mBuilding CXX object CMakeFiles/pivot_planner_core.dir/src/feature_extractor.cpp.o\x1b[0m\n'}
[2.497998] (pivot_planner) StdoutLine: {'line': b'[ 30%] \x1b[32mBuilding CXX object CMakeFiles/pivot_planner_core.dir/src/sampler.cpp.o\x1b[0m\n'}
[2.498125] (pivot_planner) StdoutLine: {'line': b'[ 30%] \x1b[32mBuilding CXX object CMakeFiles/pivot_planner_core.dir/src/pivot_rrt_star.cpp.o\x1b[0m\n'}
[2.498222] (pivot_planner) StdoutLine: {'line': b'[ 30%] \x1b[32mBuilding CXX object CMakeFiles/pivot_planner_core.dir/src/types.cpp.o\x1b[0m\n'}
[2.498415] (pivot_planner) StdoutLine: {'line': b'[ 38%] \x1b[32mBuilding CXX object CMakeFiles/pivot_planner_core.dir/src/speculation.cpp.o\x1b[0m\n'}
[2.499718] (pivot_planner) StdoutLine: {'line': b'[ 46%] \x1b[32mBuilding CXX object CMakeFiles/pivot_planner_core.dir/src/pivot_sampler.cpp.o\x1b[0m\n'}
[2.505167] (-) TimerEvent: {}
[2.512155] (pivot_planner) StdoutLine: {'line': b'[ 53%] \x1b[32mBuilding CXX object CMakeFiles/simple_map_publisher.dir/src/simple_map_publisher.cpp.o\x1b[0m\n'}
[2.605331] (-) TimerEvent: {}
[2.705675] (-) TimerEvent: {}
[2.806046] (-) TimerEvent: {}
[2.906451] (-) TimerEvent: {}
[3.007003] (-) TimerEvent: {}
[3.107481] (-) TimerEvent: {}
[3.207894] (-) TimerEvent: {}
[3.308196] (-) TimerEvent: {}
[3.355516] (pivot_planner) StdoutLine: {'line': b'[ 61%] \x1b[32m\x1b[1mLinking CXX static library libpivot_planner_core.a\x1b[0m\n'}
[3.408341] (-) TimerEvent: {}
[3.430184] (pivot_planner) StdoutLine: {'line': b'[ 61%] Built target pivot_planner_core\n'}
[3.469174] (pivot_planner) StdoutLine: {'line': b'[ 69%] \x1b[32mBuilding CXX object CMakeFiles/prompt_pivot_planner.dir/src/prompt_pivot_planner.cpp.o\x1b[0m\n'}
[3.472307] (pivot_planner) StdoutLine: {'line': b'[ 76%] \x1b[32mBuilding CXX object CMakeFiles/multi_path_planner.dir/src/multi_path_planner.cpp.o\x1b[0m\n'}
[3.508560] (-) TimerEvent: {}
[3.608992] (-) TimerEvent: {}
[3.709348] (-) TimerEvent: {}
[3.809760] (-) TimerEvent: {}
[3.910406] (-) TimerEvent: {}
[4.011071] (-) TimerEvent: {}
[4.111644] (-) TimerEvent: {}
[4.212070] (-) TimerEvent: {}
[4.312508] (-) TimerEvent: {}
[4.412844] (-) TimerEvent: {}
[4.513186] (-) TimerEvent: {}
[4.613545] (-) TimerEvent: {}
[4.713870] (-) TimerEvent: {}
[4.814206] (-) TimerEvent: {}
[4.914571] (-) TimerEvent: {}
[5.014901] (-) TimerEvent: {}
[5.115291] (-) TimerEvent: {}
[5.215689] (-) TimerEvent: {}
[5.316045] (-) TimerEvent: {}
[5.416420] (-) TimerEvent: {}
[5.516756] (-) TimerEvent: {}
[5.617089] (-) TimerEvent: {}
[5.717463] (-) TimerEvent: {}
[5.812545] (pivot_planner) StderrLine: {'line': b'In file included from \x1b[01m\x1b[K/opt/ros/jazzy/include/rclcpp/rclcpp/logging.hpp:24\x1b[m\x1b[K,\n'}
[5.812817] (pivot_planner) StderrLine: {'line': b'                 from \x1b[01m\x1b[K/opt/ros/jazzy/include/rclcpp/rclcpp/copy_all_parameter_values.hpp:27\x1b[m\x1b[K,\n'}
[5.812912] (pivot_planner) StderrLine: {'line': b'                 from \x1b[01m\x1b[K/opt/ros/jazzy/include/rclcpp/rclcpp/rclcpp.hpp:171\x1b[m\x1b[K,\n'}
[5.812993] (pivot_planner) StderrLine: {'line': b'                 from \x1b[01m\x1b[K/home/behrad/ros2_ws/src/pivot_planner/src/prompt_pivot_planner.cpp:1\x1b[m\x1b[K:\n'}
[5.813066] (pivot_planner) StderrLine: {'line': b'\x1b[01m\x1b[K/home/behrad/ros2_ws/src/pivot_planner/src/prompt_pivot_planner.cpp:\x1b[m\x1b[K In constructor \xe2\x80\x98\x1b[01m\x1b[KPromptPivotPlanner::\x1b[01;32m\x1b[KPromptPivotPlanner\x1b[m\x1b[K()\x1b[m\x1b[K\xe2\x80\x99:\n'}
[5.813147] (pivot_planner) StderrLine: {'line': b'\x1b[01m\x1b[K/home/behrad/ros2_ws/src/pivot_planner/src/prompt_pivot_planner.cpp:56:41:\x1b[m\x1b[K \x1b[01;35m\x1b[Kwarning: \x1b[m\x1b[Kzero-length gnu_printf format string [\x1b[01;35m\x1b[K\x1b]8;;https://gcc.gnu.org/onlinedocs/gcc/Warning-Options.html#index-Wformat-zero-length\x07-Wformat-zero-length\x1b]8;;\x07\x1b[m\x1b[K]\n'}
[5.813228] (pivot_planner) StderrLine: {'line': b'   56 |         RCLCPP_INFO(this->get_logger(), \x1b[01;35m\x1b[K""\x1b[m\x1b[K);\n'}
[5.813319] (pivot_planner) StderrLine: {'line': b'      |                                         \x1b[01;35m\x1b[K^~\x1b[m\x1b[K\n'}
[5.817551] (-) TimerEvent: {}
[5.818619] (pivot_planner) StderrLine: {'line': b'\x1b[01m\x1b[K/home/behrad/ros2_ws/src/pivot_planner/src/prompt_pivot_planner.cpp:\x1b[m\x1b[K In member function \xe2\x80\x98\x1b[01m\x1b[Kvoid PromptPivotPlanner::\x1b[01;32m\x1b[KgoalCallback\x1b[m\x1b[K(geometry_msgs::msg::PoseStamped_<std::allocator<void> >::SharedPtr)\x1b[m\x1b[K\xe2\x80\x99:\n'}
[5.818809] (pivot_planner) StderrLine: {'line': b'\x1b[01m\x1b[K/home/behrad/ros2_ws/src/pivot_planner/src/prompt_pivot_planner.cpp:96:41:\x1b[m\x1b[K \x1b[01;35m\x1b[Kwarning: \x1b[m\x1b[Kzero-length gnu_printf format string [\x1b[01;35m\x1b[K\x1b]8;;https://gcc.gnu.org/onlinedocs/gcc/Warning-Options.html#index-Wformat-zero-length\x07-Wformat-zero-length\x1b]8;;\x07\x1b[m\x1b[K]\n'}
[5.818900] (pivot_planner) StderrLine: {'line': b'   96 |         RCLCPP_INFO(this->get_logger(), \x1b[01;35m\x1b[K""\x1b[m\x1b[K);\n'}
[5.818979] (pivot_planner) StderrLine: {'line': b'      |                                         \x1b[01;35m\x1b[K^~\x1b[m\x1b[K\n'}
[5.819185] (pivot_planner) StderrLine: {'line': b'\x1b[01m\x1b[K/home/behrad/ros2_ws/src/pivot_planner/src/prompt_pivot_planner.cpp:105:41:\x1b[m\x1b[K \x1b[01;35m\x1b[Kwarning: \x1b[m\x1b[Kzero-length gnu_printf format string [\x1b[01;35m\x1b[K\x1b]8;;https://gcc.gnu.org/onlinedocs/gcc/Warning-Options.html#index-Wformat-zero-length\x07-Wformat-zero-length\x1b]8;;\x07\x1b[m\x1b[K]\n'}
[5.819292] (pivot_planner) StderrLine: {'line': b'  105 |         RCLCPP_INFO(this->get_logger(), \x1b[01;35m\x1b[K""\x1b[m\x1b[K);\n'}
[5.819370] (pivot_planner) StderrLine: {'line': b'      |                                         \x1b[01;35m\x1b[K^~\x1b[m\x1b[K\n'}
[5.917681] (-) TimerEvent: {}
[6.018009] (-) TimerEvent: {}
[6.118353] (-) TimerEvent: {}
[6.218691] (-) TimerEvent: {}
[6.319097] (-) TimerEvent: {}
[6.419566] (-) TimerEvent: {}
[6.519904] (-) TimerEvent: {}
[6.620240] (-) TimerEvent: {}
[6.720584] (-) TimerEvent: {}
[6.820908] (-) TimerEvent: {}
[6.921241] (-) TimerEvent: {}
[7.021579] (-) TimerEvent: {}
[7.121912] (-) TimerEvent: {}
[7.222283] (-) TimerEvent: {}
[7.322734] (-) TimerEvent: {}
[7.423177] (-) TimerEvent: {}
[7.523509] (-) TimerEvent: {}
[7.623882] (-) TimerEvent: {}
[7.665772] (pivot_planner) StdoutLine: {'line': b'[ 84%] \x1b[32m\x1b[1mLinking CXX executable simple_map_publisher\x1b[0m\n'}
[7.724063] (-) TimerEvent: {}
[7.824511] (-) TimerEvent: {}
[7.924986] (-) TimerEvent: {}
[8.025356] (-) TimerEvent: {}
[8.125677] (-) TimerEvent: {}
[8.128359] (pivot_planner) StdoutLine: {'line': b'[ 84%] Built target simple_map_publisher\n'}
[8.225811] (-) TimerEvent: {}
[8.326168] (-) TimerEvent: {}
[8.426631] (-) TimerEvent: {}
[8.527077] (-) TimerEvent: {}
[8.627352] (-) TimerEvent: {}
[8.727690] (-) TimerEvent: {}
[8.828043] (-) TimerEvent: {}
[8.928354] (-) TimerEvent: {}
[9.028682] (-) TimerEvent: {}
[9.129017] (-) TimerEvent: {}
[9.229386] (-) TimerEvent: {}
[9.329711] (-) TimerEvent: {}
[9.430052] (-) TimerEvent: {}
[9.530423] (-) TimerEvent: {}
[9.630749] (-) TimerEvent: {}
[9.731099] (-) TimerEvent: {}
[9.831453] (-) TimerEvent: {}
[9.931797] (-) TimerEvent: {}
[10.032165] (-) TimerEvent: {}
[10.132531] (-) TimerEvent: {}
[10.232856] (-) TimerEvent: {}
[10.333186] (-) TimerEvent: {}
[10.433517] (-) TimerEvent: {}
[10.533824] (-) TimerEvent: {}
[10.634163] (-) TimerEvent: {}
[10.734562] (-) TimerEvent: {}
[10.834892] (-) TimerEvent: {}
[10.935232] (-) TimerEvent: {}
[11.035580] (-) TimerEvent: {}
[11.135946] (-) TimerEvent: {}
[11.236326] (-) TimerEvent: {}
[11.336721] (-) TimerEvent: {}
[11.437160] (-) TimerEvent: {}
[11.537516] (-) TimerEvent: {}
[11.637921] (-) TimerEvent: {}
[11.738444] (-) TimerEvent: {}
[11.838965] (-) TimerEvent: {}
[11.939497] (-) TimerEvent: {}
[12.040027] (-) TimerEvent: {}
[12.140567] (-) TimerEvent: {}
[12.241066] (-) TimerEvent: {}
[12.341623] (-) TimerEvent: {}
[12.442147] (-) TimerEvent: {}
[12.542804] (-) TimerEvent: {}
[12.643332] (-) TimerEvent: {}
[12.743892] (-) TimerEvent: {}
[12.844497] (-) TimerEvent: {}
[12.945208] (-) TimerEvent: {}
[13.046020] (-) TimerEvent: {}
[13.146792] (-) TimerEvent: {}
[13.247477] (-) TimerEvent: {}
[13.348162] (-) TimerEvent: {}
[13.448873] (-) TimerEvent: {}
[13.549581] (-) TimerEvent: {}
[13.650346] (-) TimerEvent: {}
[13.751079] (-) TimerEvent: {}
[13.851701] (-) TimerEvent: {}
[13.952298] (-) TimerEvent: {}
[14.052937] (-) TimerEvent: {}
[14.153558] (-) TimerEvent: {}
[14.254240] (-) TimerEvent: {}
[14.354953] (-) TimerEvent: {}
[14.455637] (-) TimerEvent: {}
[14.556236] (-) TimerEvent: {}
[14.656803] (-) TimerEvent: {}
[14.757389] (-) TimerEvent: {}
[14.857966] (-) TimerEvent: {}
[14.958681] (-) TimerEvent: {}
[15.059476] (-) TimerEvent: {}
[15.160173] (-) TimerEvent: {}
[15.260918] (-) TimerEvent: {}
[15.361678] (-) TimerEvent: {}
[15.462391] (-) TimerEvent: {}
[15.562997] (-) TimerEvent: {}
[15.663486] (-) TimerEvent: {}
[15.763969] (-) TimerEvent: {}
[15.839300] (pivot_planner) StdoutLine: {'line': b'[ 92%] \x1b[32m\x1b[1mLinking CXX executable multi_path_planner\x1b[0m\n'}
[15.864217] (-) TimerEvent: {}
[15.964938] (-) TimerEvent: {}
[16.065726] (-) TimerEvent: {}
[16.166379] (-) TimerEvent: {}
[16.266851] (-) TimerEvent: {}
[16.311648] (pivot_planner) StdoutLine: {'line': b'[ 92%] Built target multi_path_planner\n'}
[16.367142] (-) TimerEvent: {}
[16.467784] (-) TimerEvent: {}
[16.568296] (-) TimerEvent: {}
[16.668867] (-) TimerEvent: {}
[16.769605] (-) TimerEvent: {}
[16.870401] (-) TimerEvent: {}
[16.971228] (-) TimerEvent: {}
[17.072026] (-) TimerEvent: {}
[17.172810] (-) TimerEvent: {}
[17.273401] (-) TimerEvent: {}
[17.373899] (-) TimerEvent: {}
[17.474235] (-) TimerEvent: {}
[17.574715] (-) TimerEvent: {}
[17.675125] (-) TimerEvent: {}
[17.774937] (pivot_planner) StdoutLine: {'line': b'[100%] \x1b[32m\x1b[1mLinking CXX executable prompt_pivot_planner\x1b[0m\n'}
[17.775357] (-) TimerEvent: {}
[17.875674] (-) TimerEvent: {}
[17.976023] (-) TimerEvent: {}
[18.076481] (-) TimerEvent: {}
[18.176889] (-) TimerEvent: {}
[18.277231] (-) TimerEvent: {}
[18.338112] (pivot_planner) StdoutLine: {'line': b'[100%] Built target prompt_pivot_planner\n'}
[18.360346] (pivot_planner) CommandEnded: {'returncode': 0}
[18.361274] (pivot_planner) JobProgress: {'identifier': 'pivot_planner', 'progress': 'install'}
[18.377345] (-) TimerEvent: {}
[18.379953] (pivot_planner) Command: {'cmd': ['/usr/bin/cmake', '--install', '/home/behrad/ros2_ws/src/pivot_planner/build/pivot_planner'], 'cwd': '/home/behrad/ros2_ws/src/pivot_planner/build/pivot_planner', 'env': OrderedDict({'GZ_SIM_RESOURCE_PATH': '/opt/ros/jazzy/share', 'USER': 'behrad', 'GZ_CONFIG_PATH': '/opt/ros/jazzy/opt/gz_sim_vendor/share/gz:/opt/ros/jazzy/opt/sdformat_vendor/share/gz:/opt/ros/jazzy/opt/gz_gui_vendor/share/gz:/opt/ros/jazzy/opt/gz_transport_vendor/share/gz:/opt/ros/jazzy/opt/gz_rendering_vendor/share/gz:/opt/ros/jazzy/opt/gz_plugin_vendor/share/gz:/opt/ros/jazzy/opt/gz_fuel_tools_vendor/share/gz:/opt/ros/jazzy/opt/gz_msgs_vendor/share/gz:/opt/ros/jazzy/opt/gz_common_vendor/share/gz', 'XDG_SESSION_TYPE': 'wayland', 'CLUTTER_DISABLE_MIPMAPPED_TEXT': '1', 'SHLVL': '1', 'LD_LIBRARY_PATH': '/opt/ros/jazzy/opt/gz_sim_vendor/lib:/opt/ros/jazzy/opt/gz_sensors_vendor/lib:/opt/ros/jazzy/opt/gz_physics_vendor/lib:/opt/ros/jazzy/opt/sdformat_vendor/lib:/opt/ros/jazzy/opt/rviz_ogre_vendor/lib:/opt/ros/jazzy/lib/x86_64-linux-gnu:/opt/ros/jazzy/opt/gz_gui_vendor/lib:/opt/ros/jazzy/opt/gz_transport_vendor/lib:/opt/ros/jazzy/opt/gz_rendering_vendor/lib:/opt/ros/jazzy/opt/gz_plugin_vendor/lib:/opt/ros/jazzy/opt/gz_fuel_tools_vendor/lib:/opt/ros/jazzy/opt/gz_msgs_vendor/lib:/opt/ros/jazzy/opt/gz_common_vendor/lib:/opt/ros/jazzy/opt/gz_math_vendor/lib:/opt/ros/jazzy/opt/gz_utils_vendor/lib:/opt/ros/jazzy/opt/gz_tools_vendor/lib:/opt/ros/jazzy/opt/gz_ogre_next_vendor/lib:/opt/ros/jazzy/opt/gz_dartsim_vendor/lib:/opt/ros/jazzy/opt/gz_cmake_vendor/lib:/opt/ros/jazzy/lib', 'HOME': '/home/behrad', 'OLDPWD': '/home/behrad', 'DESKTOP_SESSION': 'ubuntu', 'ROS_PYTHON_VERSION': '3', 'GNOME_SHELL_SESSION_MODE': 'ubuntu', 'GTK_MODULES': 'gail:atk-bridge', 'SYSTEMD_EXEC_PID': '2246', 'GSM_SKIP_SSH_AGENT_WORKAROUND': 'true', 'DBUS_SESSION_BUS_ADDRESS': 'unix:path=/run/user/1000/bus', 'COLORTERM': 'truecolor', 'DEBUGINFOD_URLS': 'https://debuginfod.ubuntu.com', 'IM_CONFIG_PHASE': '1', 'WAYLAND_DISPLAY': 'wayland-0', 'COLCON_PREFIX_PATH': '/home/behrad/ros2_ws/install', 'ROS_DISTRO': 'jazzy', 'LOGNAME': 'behrad', '_': '/usr/bin/colcon', 'ROS_VERSION': '2', 'MEMORY_PRESSURE_WATCH': '/sys/fs/cgroup/user.slice/user-1000.slice/user@1000.service/session.slice/org.gnome.Shell@wayland.service/memory.pressure', 'XDG_SESSION_CLASS': 'user', 'USERNAME': 'behrad', 'TERM': 'xterm-256color', 'GNOME_DESKTOP_SESSION_ID': 'this-is-deprecated', 'PATH': '/home/behrad/.local/bin:/opt/ros/jazzy/opt/gz_msgs_vendor/bin:/opt/ros/jazzy/opt/gz_tools_vendor/bin:/opt/ros/jazzy/opt/gz_ogre_next_vendor/bin:/opt/ros/jazzy/bin:/usr/local/sbin:/usr/local/bin:/usr/sbin:/usr/bin:/sbin:/bin:/usr/games:/usr/local/games:/snap/bin:/snap/bin', 'SESSION_MANAGER': 'local/behrad-Yoga-9-2-in-1-14IMH9:@/tmp/.ICE-unix/2157,unix/behrad-Yoga-9-2-in-1-14IMH9:/tmp/.ICE-unix/2157', 'XDG_MENU_PREFIX': 'gnome-', 'GNOME_TERMINAL_SCREEN': '/org/gnome/Terminal/screen/9aa8ef42_08bc_4e01_ad8d_62362de0c411', 'GNOME_SETUP_DISPLAY': ':1', 'XDG_RUNTIME_DIR': '/run/user/1000', 'DISPLAY': ':0', 'LANG': 'en_US.UTF-8', 'XDG_CURRENT_DESKTOP': 'ubuntu:GNOME', 'XMODIFIERS': '@im=ibus', 'XDG_SESSION_DESKTOP': 'ubuntu', 'XAUTHORITY': '/run/user/1000/.mutter-Xwaylandauth.D39NG3', 'GNOME_TERMINAL_SERVICE': ':1.278', 'SSH_AUTH_SOCK': '/run/user/1000/keyring/ssh', 'AMENT_PREFIX_PATH': '/home/behrad/ros2_ws/install/roverrobotics_input_manager:/home/behrad/ros2_ws/install/roverrobotics_gazebo:/home/behrad/ros2_ws/install/roverrobotics_driver:/home/behrad/ros2_ws/install/roverrobotics_description:/home/behrad/ros2_ws/install/pivot_planner:/home/behrad/ros2_ws/install/pathfinding_astar:/opt/ros/jazzy', 'SHELL': '/bin/bash', 'QT_ACCESSIBILITY': '1', 'GDMSESSION': 'ubuntu', 'ROS_AUTOMATIC_DISCOVERY_RANGE': 'SUBNET', 'QT_IM_MODULE': 'ibus', 'PWD': '/home/behrad/ros2_ws/src/pivot_planner/build/pivot_planner', 'XDG_CONFIG_DIRS': '/etc/xdg/xdg-ubuntu:/etc/xdg', 'XDG_DATA_DIRS': '/usr/share/ubuntu:/usr/share/gnome:/home/behrad/.local/share/flatpak/exports/share:/var/lib/flatpak/exports/share:/usr/local/share/:/usr/share/:/var/lib/snapd/desktop', 'PYTHONPATH': '/home/behrad/ros2_ws/install/pathfinding_astar/lib/python3.12/site-packages:/opt/ros/jazzy/lib/python3.12/site-packages', 'COLCON': '1', 'MEMORY_PRESSURE_WRITE': 'c29tZSAyMDAwMDAgMjAwMDAwMAA=', 'VTE_VERSION': '7600', 'CMAKE_PREFIX_PATH': '/home/behrad/ros2_ws/install/roverrobotics_input_manager:/home/behrad/ros2_ws/install/roverrobotics_gazebo:/home/behrad/ros2_ws/install/roverrobotics_driver:/home/behrad/ros2_ws/install/roverrobotics_description:/home/behrad/ros2_ws/install/pivot_planner:/opt/ros/jazzy/opt/gz_sim_vendor:/opt/ros/jazzy/opt/gz_sensors_vendor:/opt/ros/jazzy/opt/gz_physics_vendor:/opt/ros/jazzy/opt/sdformat_vendor:/opt/ros/jazzy/opt/gz_gui_vendor:/opt/ros/jazzy/opt/gz_transport_vendor:/opt/ros/jazzy/opt/gz_rendering_vendor:/opt/ros/jazzy/opt/gz_plugin_vendor:/opt/ros/jazzy/opt/gz_fuel_tools_vendor:/opt/ros/jazzy/opt/gz_msgs_vendor:/opt/ros/jazzy/opt/gz_common_vendor:/opt/ros/jazzy/opt/gz_math_vendor:/opt/ros/jazzy/opt/gz_utils_vendor:/opt/ros/jazzy/opt/gz_tools_vendor:/opt/ros/jazzy/opt/gz_ogre_next_vendor:/opt/ros/jazzy/opt/gz_dartsim_vendor:/opt/ros/jazzy/opt/gz_cmake_vendor:/home/behrad/ros2_ws/install/pathfinding_astar:/opt/ros/jazzy'}), 'shell': False}
[18.391702] (pivot_planner) StdoutLine: {'line': b'-- Install configuration: ""\n'}
[18.392329] (pivot_planner) StdoutLine: {'line': b'-- Installing: /home/behrad/ros2_ws/src/pivot_planner/install/pivot_planner/lib/pivot_planner/libpivot_planner_core.a\n'}
[18.392549] (pivot_planner) StdoutLine: {'line': b'-- Installing: /home/behrad/ros2_ws/src/pivot_planner/install/pivot_planner/lib/pivot_planner/simple_map_publisher\n'}
[18.393845] (pivot_planner) StdoutLine: {'line': b'-- Set non-toolchain portion of runtime path of "/home/behrad/ros2_ws/src/pivot_planner/install/pivot_planner/lib/pivot_planner/simple_map_publisher" to ""\n'}
[18.393958] (pivot_planner) StdoutLine: {'line': b'-- Installing: /home/behrad/ros2_ws/src/pivot_planner/install/pivot_planner/lib/pivot_planner/multi_path_planner\n'}
[18.403184] (pivot_planner) StdoutLine: {'line': b'-- Set non-toolchain portion of runtime path of "/home/behrad/ros2_ws/src/pivot_planner/install/pivot_planner/lib/pivot_planner/multi_path_planner" to ""\n'}
[18.403307] (pivot_planner) StdoutLine: {'line': b'-- Installing: /home/behrad/ros2_ws/src/pivot_planner/install/pivot_planner/lib/pivot_planner/prompt_pivot_planner\n'}
[18.414528] (pivot_planner) StdoutLine: {'line': b'-- Set non-toolchain portion of runtime path of "/home/behrad/ros2_ws/src/pivot_planner/install/pivot_planner/lib/pivot_planner/prompt_pivot_planner" to ""\n'}
[18.414708] (pivot_planner) StdoutLine: {'line': b'-- Installing: /home/behrad/ros2_ws/src/pivot_planner/install/pivot_planner/include\n'}
[18.415008] (pivot_planner) StdoutLine: {'line': b'-- Installing: /home/behrad/ros2_ws/src/pivot_planner/install/pivot_planner/include/pivot_planner\n'}
[18.415100] (pivot_planner) StdoutLine: {'line': b'-- Installing: /home/behrad/ros2_ws/src/pivot_planner/install/pivot_planner/include/pivot_planner/sampler.hpp\n'}
[18.415436] (pivot_planner) StdoutLine: {'line': b'-- Installing: /home/behrad/ros2_ws/src/pivot_planner/install/pivot_planner/include/pivot_planner/types.hpp\n'}
[18.415580] (pivot_planner) StdoutLine: {'line': b'-- Installing: /home/behrad/ros2_ws/src/pivot_planner/install/pivot_planner/include/pivot_planner/feature_extractor.hpp\n'}
[18.415656] (pivot_planner) StdoutLine: {'line': b'-- Installing: /home/behrad/ros2_ws/src/pivot_planner/install/pivot_planner/include/pivot_planner/map_collision_checker.hpp\n'}
[18.415729] (pivot_planner) StdoutLine: {'line': b'-- Installing: /home/behrad/ros2_ws/src/pivot_planner/install/pivot_planner/include/pivot_planner/pivot_rrt_star.hpp\n'}
[18.415805] (pivot_planner) StdoutLine: {'line': b'-- Installing: /home/behrad/ros2_ws/src/pivot_planner/install/pivot_planner/include/pivot_planner/pivot_sampler.hpp\n'}
[18.415881] (pivot_planner) StdoutLine: {'line': b'-- Installing: /home/behrad/ros2_ws/src/pivot_planner/install/pivot_planner/include/pivot_planner/speculation.hpp\n'}
[18.415952] (pivot_planner) StdoutLine: {'line': b'-- Installing: /home/behrad/ros2_ws/src/pivot_planner/install/pivot_planner/share/pivot_planner/maps\n'}
[18.416023] (pivot_planner) StdoutLine: {'line': b'-- Installing: /home/behrad/ros2_ws/src/pivot_planner/install/pivot_planner/share/pivot_planner/maps/hallway_map.pgm\n'}
[18.416094] (pivot_planner) StdoutLine: {'line': b'-- Installing: /home/behrad/ros2_ws/src/pivot_planner/install/pivot_planner/share/pivot_planner/maps/hallway_map.yaml\n'}
[18.416164] (pivot_planner) StdoutLine: {'line': b'-- Installing: /home/behrad/ros2_ws/src/pivot_planner/install/pivot_planner/share/pivot_planner/maps/test_map.yaml\n'}
[18.416235] (pivot_planner) StdoutLine: {'line': b'-- Installing: /home/behrad/ros2_ws/src/pivot_planner/install/pivot_planner/share/pivot_planner/maps/test_map.pgm\n'}
[18.416436] (pivot_planner) StdoutLine: {'line': b'-- Installing: /home/behrad/ros2_ws/src/pivot_planner/install/pivot_planner/share/pivot_planner/launch\n'}
[18.416525] (pivot_planner) StdoutLine: {'line': b'-- Installing: /home/behrad/ros2_ws/src/pivot_planner/install/pivot_planner/share/pivot_planner/launch/multi_path.launch.py\n'}
[18.416727] (pivot_planner) StdoutLine: {'line': b'-- Installing: /home/behrad/ros2_ws/src/pivot_planner/install/pivot_planner/share/pivot_planner/launch/prompt_planner.launch.py\n'}
[18.416812] (pivot_planner) StdoutLine: {'line': b'-- Installing: /home/behrad/ros2_ws/src/pivot_planner/install/pivot_planner/share/pivot_planner/config\n'}
[18.417098] (pivot_planner) StdoutLine: {'line': b'-- Installing: /home/behrad/ros2_ws/src/pivot_planner/install/pivot_planner/share/ament_index/resource_index/package_run_dependencies/pivot_planner\n'}
[18.417253] (pivot_planner) StdoutLine: {'line': b'-- Installing: /home/behrad/ros2_ws/src/pivot_planner/install/pivot_planner/share/ament_index/resource_index/parent_prefix_path/pivot_planner\n'}
[18.417347] (pivot_planner) StdoutLine: {'line': b'-- Installing: /home/behrad/ros2_ws/src/pivot_planner/install/pivot_planner/share/pivot_planner/environment/ament_prefix_path.sh\n'}
[18.417429] (pivot_planner) StdoutLine: {'line': b'-- Installing: /home/behrad/ros2_ws/src/pivot_planner/install/pivot_planner/share/pivot_planner/environment/ament_prefix_path.dsv\n'}
[18.417516] (pivot_planner) StdoutLine: {'line': b'-- Installing: /home/behrad/ros2_ws/src/pivot_planner/install/pivot_planner/share/pivot_planner/environment/path.sh\n'}
[18.417597] (pivot_planner) StdoutLine: {'line': b'-- Installing: /home/behrad/ros2_ws/src/pivot_planner/install/pivot_planner/share/pivot_planner/environment/path.dsv\n'}
[18.417724] (pivot_planner) StdoutLine: {'line': b'-- Installing: /home/behrad/ros2_ws/src/pivot_planner/install/pivot_planner/share/pivot_planner/local_setup.bash\n'}
[18.417808] (pivot_planner) StdoutLine: {'line': b'-- Installing: /home/behrad/ros2_ws/src/pivot_planner/install/pivot_planner/share/pivot_planner/local_setup.sh\n'}
[18.417948] (pivot_planner) StdoutLine: {'line': b'-- Installing: /home/behrad/ros2_ws/src/pivot_planner/install/pivot_planner/share/pivot_planner/local_setup.zsh\n'}
[18.418027] (pivot_planner) StdoutLine: {'line': b'-- Installing: /home/behrad/ros2_ws/src/pivot_planner/install/pivot_planner/share/pivot_planner/local_setup.dsv\n'}
[18.418104] (pivot_planner) StdoutLine: {'line': b'-- Installing: /home/behrad/ros2_ws/src/pivot_planner/install/pivot_planner/share/pivot_planner/package.dsv\n'}
[18.418183] (pivot_planner) StdoutLine: {'line': b'-- Installing: /home/behrad/ros2_ws/src/pivot_planner/install/pivot_planner/share/ament_index/resource_index/packages/pivot_planner\n'}
[18.418321] (pivot_planner) StdoutLine: {'line': b'-- Installing: /home/behrad/ros2_ws/src/pivot_planner/install/pivot_planner/share/pivot_planner/cmake/pivot_plannerConfig.cmake\n'}
[18.418406] (pivot_planner) StdoutLine: {'line': b'-- Installing: /home/behrad/ros2_ws/src/pivot_planner/install/pivot_planner/share/pivot_planner/cmake/pivot_plannerConfig-version.cmake\n'}
[18.418485] (pivot_planner) StdoutLine: {'line': b'-- Installing: /home/behrad/ros2_ws/src/pivot_planner/install/pivot_planner/share/pivot_planner/package.xml\n'}
[18.420716] (pivot_planner) CommandEnded: {'returncode': 0}
[18.441652] (pivot_planner) JobEnded: {'identifier': 'pivot_planner', 'rc': 0}
[18.443137] (-) EventReactorShutdown: {}
