[0.096s] DEBUG:colcon:Command line arguments: ['/usr/bin/colcon', 'build', '--packages-select', 'pivot_planner']
[0.096s] DEBUG:colcon:Parsed command line arguments: Namespace(log_base=None, log_level=None, verb_name='build', build_base='build', install_base='install', merge_install=False, symlink_install=False, test_result_base=None, continue_on_error=False, executor='parallel', parallel_workers=22, event_handlers=None, ignore_user_meta=False, metas=['./colcon.meta'], base_paths=['.'], packages_ignore=None, packages_ignore_regex=None, paths=None, packages_up_to=None, packages_up_to_regex=None, packages_above=None, packages_above_and_dependencies=None, packages_above_depth=None, packages_select_by_dep=None, packages_skip_by_dep=None, packages_skip_up_to=None, packages_select_build_failed=False, packages_skip_build_finished=False, packages_select_test_failures=False, packages_skip_test_passed=False, packages_select=['pivot_planner'], packages_skip=None, packages_select_regex=None, packages_skip_regex=None, packages_start=None, packages_end=None, allow_overriding=[], cmake_args=None, cmake_target=None, cmake_target_skip_unavailable=False, cmake_clean_cache=False, cmake_clean_first=False, cmake_force_configure=False, ament_cmake_args=None, catkin_cmake_args=None, catkin_skip_building_tests=False, mixin_files=None, mixin=None, verb_parser=<colcon_mixin.mixin.mixin_argument.MixinArgumentDecorator object at 0x7b3dd8c87350>, verb_extension=<colcon_core.verb.build.BuildVerb object at 0x7b3dd8c87050>, main=<bound method BuildVerb.main of <colcon_core.verb.build.BuildVerb object at 0x7b3dd8c87050>>, mixin_verb=('build',))
[0.139s] Level 1:colcon.colcon_core.package_discovery:discover_packages(colcon_meta) check parameters
[0.140s] Level 1:colcon.colcon_core.package_discovery:discover_packages(recursive) check parameters
[0.140s] Level 1:colcon.colcon_core.package_discovery:discover_packages(ignore) check parameters
[0.140s] Level 1:colcon.colcon_core.package_discovery:discover_packages(path) check parameters
[0.140s] Level 1:colcon.colcon_core.package_discovery:discover_packages(colcon_meta) discover
[0.140s] Level 1:colcon.colcon_core.package_discovery:discover_packages(recursive) discover
[0.140s] INFO:colcon.colcon_core.package_discovery:Crawling recursively for packages in '/home/behrad/ros2_ws/src/pivot_planner'
[0.140s] Level 1:colcon.colcon_core.package_identification:_identify(.) by extensions ['ignore', 'ignore_ament_install']
[0.140s] Level 1:colcon.colcon_core.package_identification:_identify(.) by extension 'ignore'
[0.140s] Level 1:colcon.colcon_core.package_identification:_identify(.) by extension 'ignore_ament_install'
[0.141s] Level 1:colcon.colcon_core.package_identification:_identify(.) by extensions ['colcon_pkg']
[0.141s] Level 1:colcon.colcon_core.package_identification:_identify(.) by extension 'colcon_pkg'
[0.141s] Level 1:colcon.colcon_core.package_identification:_identify(.) by extensions ['colcon_meta']
[0.141s] Level 1:colcon.colcon_core.package_identification:_identify(.) by extension 'colcon_meta'
[0.141s] Level 1:colcon.colcon_core.package_identification:_identify(.) by extensions ['ros']
[0.141s] Level 1:colcon.colcon_core.package_identification:_identify(.) by extension 'ros'
[0.171s] DEBUG:colcon.colcon_core.package_identification:Package '.' with type 'ros.ament_cmake' and name 'pivot_planner'
[0.171s] Level 1:colcon.colcon_core.package_discovery:discover_packages(recursive) using defaults
[0.171s] Level 1:colcon.colcon_core.package_discovery:discover_packages(ignore) discover
[0.171s] Level 1:colcon.colcon_core.package_discovery:discover_packages(ignore) using defaults
[0.171s] Level 1:colcon.colcon_core.package_discovery:discover_packages(path) discover
[0.171s] Level 1:colcon.colcon_core.package_discovery:discover_packages(path) using defaults
[0.188s] Level 1:colcon.colcon_core.package_discovery:discover_packages(prefix_path) check parameters
[0.188s] Level 1:colcon.colcon_core.package_discovery:discover_packages(prefix_path) discover
[0.189s] DEBUG:colcon.colcon_installed_package_information.package_discovery:Found 6 installed packages in /home/behrad/ros2_ws/install
[0.191s] DEBUG:colcon.colcon_installed_package_information.package_discovery:Found 387 installed packages in /opt/ros/jazzy
[0.192s] Level 1:colcon.colcon_core.package_discovery:discover_packages(prefix_path) using defaults
[0.234s] Level 5:colcon.colcon_core.verb:set package 'pivot_planner' build argument 'cmake_args' from command line to 'None'
[0.234s] Level 5:colcon.colcon_core.verb:set package 'pivot_planner' build argument 'cmake_target' from command line to 'None'
[0.234s] Level 5:colcon.colcon_core.verb:set package 'pivot_planner' build argument 'cmake_target_skip_unavailable' from command line to 'False'
[0.234s] Level 5:colcon.colcon_core.verb:set package 'pivot_planner' build argument 'cmake_clean_cache' from command line to 'False'
[0.234s] Level 5:colcon.colcon_core.verb:set package 'pivot_planner' build argument 'cmake_clean_first' from command line to 'False'
[0.234s] Level 5:colcon.colcon_core.verb:set package 'pivot_planner' build argument 'cmake_force_configure' from command line to 'False'
[0.234s] Level 5:colcon.colcon_core.verb:set package 'pivot_planner' build argument 'ament_cmake_args' from command line to 'None'
[0.234s] Level 5:colcon.colcon_core.verb:set package 'pivot_planner' build argument 'catkin_cmake_args' from command line to 'None'
[0.234s] Level 5:colcon.colcon_core.verb:set package 'pivot_planner' build argument 'catkin_skip_building_tests' from command line to 'False'
[0.234s] DEBUG:colcon.colcon_core.verb:Building package 'pivot_planner' with the following arguments: {'ament_cmake_args': None, 'build_base': '/home/behrad/ros2_ws/src/pivot_planner/build/pivot_planner', 'catkin_cmake_args': None, 'catkin_skip_building_tests': False, 'cmake_args': None, 'cmake_clean_cache': False, 'cmake_clean_first': False, 'cmake_force_configure': False, 'cmake_target': None, 'cmake_target_skip_unavailable': False, 'install_base': '/home/behrad/ros2_ws/src/pivot_planner/install/pivot_planner', 'merge_install': False, 'path': '/home/behrad/ros2_ws/src/pivot_planner', 'symlink_install': False, 'test_result_base': None}
[0.234s] INFO:colcon.colcon_core.executor:Executing jobs using 'parallel' executor
[0.235s] DEBUG:colcon.colcon_parallel_executor.executor.parallel:run_until_complete
[0.236s] INFO:colcon.colcon_ros.task.ament_cmake.build:Building ROS package in '/home/behrad/ros2_ws/src/pivot_planner' with build type 'ament_cmake'
[0.236s] INFO:colcon.colcon_cmake.task.cmake.build:Building CMake package in '/home/behrad/ros2_ws/src/pivot_planner'
[0.238s] INFO:colcon.colcon_core.plugin_system:Skipping extension 'colcon_core.shell.bat': Not used on non-Windows systems
[0.239s] INFO:colcon.colcon_core.shell:Skip shell extension 'powershell' for command environment: Not usable outside of PowerShell
[0.239s] DEBUG:colcon.colcon_core.shell:Skip shell extension 'dsv' for command environment
[0.252s] DEBUG:colcon.colcon_core.event_handler.log_command:Invoking command in '/home/behrad/ros2_ws/src/pivot_planner/build/pivot_planner': CMAKE_PREFIX_PATH=${CMAKE_PREFIX_PATH}:/home/behrad/ros2_ws/install/pathfinding_astar:/opt/ros/jazzy DEBUGINFOD_URLS=https://debuginfod.ubuntu.com /usr/bin/cmake /home/behrad/ros2_ws/src/pivot_planner -DCMAKE_INSTALL_PREFIX=/home/behrad/ros2_ws/src/pivot_planner/install/pivot_planner
[2.639s] DEBUG:colcon.colcon_core.event_handler.log_command:Invoked command in '/home/behrad/ros2_ws/src/pivot_planner/build/pivot_planner' returned '0': CMAKE_PREFIX_PATH=${CMAKE_PREFIX_PATH}:/home/behrad/ros2_ws/install/pathfinding_astar:/opt/ros/jazzy DEBUGINFOD_URLS=https://debuginfod.ubuntu.com /usr/bin/cmake /home/behrad/ros2_ws/src/pivot_planner -DCMAKE_INSTALL_PREFIX=/home/behrad/ros2_ws/src/pivot_planner/install/pivot_planner
[2.641s] DEBUG:colcon.colcon_core.event_handler.log_command:Invoking command in '/home/behrad/ros2_ws/src/pivot_planner/build/pivot_planner': CMAKE_PREFIX_PATH=${CMAKE_PREFIX_PATH}:/home/behrad/ros2_ws/install/pathfinding_astar:/opt/ros/jazzy DEBUGINFOD_URLS=https://debuginfod.ubuntu.com /usr/bin/cmake --build /home/behrad/ros2_ws/src/pivot_planner/build/pivot_planner -- -j22 -l22
[18.597s] DEBUG:colcon.colcon_core.event_handler.log_command:Invoked command in '/home/behrad/ros2_ws/src/pivot_planner/build/pivot_planner' returned '0': CMAKE_PREFIX_PATH=${CMAKE_PREFIX_PATH}:/home/behrad/ros2_ws/install/pathfinding_astar:/opt/ros/jazzy DEBUGINFOD_URLS=https://debuginfod.ubuntu.com /usr/bin/cmake --build /home/behrad/ros2_ws/src/pivot_planner/build/pivot_planner -- -j22 -l22
[18.617s] DEBUG:colcon.colcon_core.event_handler.log_command:Invoking command in '/home/behrad/ros2_ws/src/pivot_planner/build/pivot_planner': CMAKE_PREFIX_PATH=${CMAKE_PREFIX_PATH}:/home/behrad/ros2_ws/install/pathfinding_astar:/opt/ros/jazzy DEBUGINFOD_URLS=https://debuginfod.ubuntu.com /usr/bin/cmake --install /home/behrad/ros2_ws/src/pivot_planner/build/pivot_planner
[18.656s] Level 1:colcon.colcon_core.environment:create_environment_scripts_only(pivot_planner)
[18.657s] DEBUG:colcon.colcon_core.event_handler.log_command:Invoked command in '/home/behrad/ros2_ws/src/pivot_planner/build/pivot_planner' returned '0': CMAKE_PREFIX_PATH=${CMAKE_PREFIX_PATH}:/home/behrad/ros2_ws/install/pathfinding_astar:/opt/ros/jazzy DEBUGINFOD_URLS=https://debuginfod.ubuntu.com /usr/bin/cmake --install /home/behrad/ros2_ws/src/pivot_planner/build/pivot_planner
[18.661s] Level 1:colcon.colcon_core.environment:checking '/home/behrad/ros2_ws/src/pivot_planner/install/pivot_planner' for CMake module files
[18.662s] Level 1:colcon.colcon_core.environment:checking '/home/behrad/ros2_ws/src/pivot_planner/install/pivot_planner' for CMake config files
[18.662s] Level 1:colcon.colcon_core.shell:create_environment_hook('pivot_planner', 'cmake_prefix_path')
[18.662s] INFO:colcon.colcon_core.shell:Creating environment hook '/home/behrad/ros2_ws/src/pivot_planner/install/pivot_planner/share/pivot_planner/hook/cmake_prefix_path.ps1'
[18.663s] INFO:colcon.colcon_core.shell:Creating environment descriptor '/home/behrad/ros2_ws/src/pivot_planner/install/pivot_planner/share/pivot_planner/hook/cmake_prefix_path.dsv'
[18.664s] INFO:colcon.colcon_core.shell:Creating environment hook '/home/behrad/ros2_ws/src/pivot_planner/install/pivot_planner/share/pivot_planner/hook/cmake_prefix_path.sh'
[18.665s] Level 1:colcon.colcon_core.environment:checking '/home/behrad/ros2_ws/src/pivot_planner/install/pivot_planner/lib'
[18.666s] Level 1:colcon.colcon_core.environment:checking '/home/behrad/ros2_ws/src/pivot_planner/install/pivot_planner/bin'
[18.666s] Level 1:colcon.colcon_core.environment:checking '/home/behrad/ros2_ws/src/pivot_planner/install/pivot_planner/lib/pkgconfig/pivot_planner.pc'
[18.666s] Level 1:colcon.colcon_core.environment:checking '/home/behrad/ros2_ws/src/pivot_planner/install/pivot_planner/lib/python3.12/site-packages'
[18.666s] Level 1:colcon.colcon_core.environment:checking '/home/behrad/ros2_ws/src/pivot_planner/install/pivot_planner/bin'
[18.667s] INFO:colcon.colcon_core.shell:Creating package script '/home/behrad/ros2_ws/src/pivot_planner/install/pivot_planner/share/pivot_planner/package.ps1'
[18.668s] INFO:colcon.colcon_core.shell:Creating package descriptor '/home/behrad/ros2_ws/src/pivot_planner/install/pivot_planner/share/pivot_planner/package.dsv'
[18.668s] INFO:colcon.colcon_core.shell:Creating package script '/home/behrad/ros2_ws/src/pivot_planner/install/pivot_planner/share/pivot_planner/package.sh'
[18.669s] INFO:colcon.colcon_core.shell:Creating package script '/home/behrad/ros2_ws/src/pivot_planner/install/pivot_planner/share/pivot_planner/package.bash'
[18.670s] INFO:colcon.colcon_core.shell:Creating package script '/home/behrad/ros2_ws/src/pivot_planner/install/pivot_planner/share/pivot_planner/package.zsh'
[18.670s] Level 1:colcon.colcon_core.environment:create_file_with_runtime_dependencies(/home/behrad/ros2_ws/src/pivot_planner/install/pivot_planner/share/colcon-core/packages/pivot_planner)
[18.671s] Level 1:colcon.colcon_core.environment:create_environment_scripts_only(pivot_planner)
[18.671s] Level 1:colcon.colcon_core.environment:checking '/home/behrad/ros2_ws/src/pivot_planner/install/pivot_planner' for CMake module files
[18.672s] Level 1:colcon.colcon_core.environment:checking '/home/behrad/ros2_ws/src/pivot_planner/install/pivot_planner' for CMake config files
[18.672s] Level 1:colcon.colcon_core.shell:create_environment_hook('pivot_planner', 'cmake_prefix_path')
[18.672s] INFO:colcon.colcon_core.shell:Creating environment hook '/home/behrad/ros2_ws/src/pivot_planner/install/pivot_planner/share/pivot_planner/hook/cmake_prefix_path.ps1'
[18.672s] INFO:colcon.colcon_core.shell:Creating environment descriptor '/home/behrad/ros2_ws/src/pivot_planner/install/pivot_planner/share/pivot_planner/hook/cmake_prefix_path.dsv'
[18.673s] INFO:colcon.colcon_core.shell:Creating environment hook '/home/behrad/ros2_ws/src/pivot_planner/install/pivot_planner/share/pivot_planner/hook/cmake_prefix_path.sh'
[18.674s] Level 1:colcon.colcon_core.environment:checking '/home/behrad/ros2_ws/src/pivot_planner/install/pivot_planner/lib'
[18.674s] Level 1:colcon.colcon_core.environment:checking '/home/behrad/ros2_ws/src/pivot_planner/install/pivot_planner/bin'
[18.674s] Level 1:colcon.colcon_core.environment:checking '/home/behrad/ros2_ws/src/pivot_planner/install/pivot_planner/lib/pkgconfig/pivot_planner.pc'
[18.674s] Level 1:colcon.colcon_core.environment:checking '/home/behrad/ros2_ws/src/pivot_planner/install/pivot_planner/lib/python3.12/site-packages'
[18.674s] Level 1:colcon.colcon_core.environment:checking '/home/behrad/ros2_ws/src/pivot_planner/install/pivot_planner/bin'
[18.675s] INFO:colcon.colcon_core.shell:Creating package script '/home/behrad/ros2_ws/src/pivot_planner/install/pivot_planner/share/pivot_planner/package.ps1'
[18.675s] INFO:colcon.colcon_core.shell:Creating package descriptor '/home/behrad/ros2_ws/src/pivot_planner/install/pivot_planner/share/pivot_planner/package.dsv'
[18.676s] INFO:colcon.colcon_core.shell:Creating package script '/home/behrad/ros2_ws/src/pivot_planner/install/pivot_planner/share/pivot_planner/package.sh'
[18.676s] INFO:colcon.colcon_core.shell:Creating package script '/home/behrad/ros2_ws/src/pivot_planner/install/pivot_planner/share/pivot_planner/package.bash'
[18.677s] INFO:colcon.colcon_core.shell:Creating package script '/home/behrad/ros2_ws/src/pivot_planner/install/pivot_planner/share/pivot_planner/package.zsh'
[18.677s] Level 1:colcon.colcon_core.environment:create_file_with_runtime_dependencies(/home/behrad/ros2_ws/src/pivot_planner/install/pivot_planner/share/colcon-core/packages/pivot_planner)
[18.677s] DEBUG:colcon.colcon_parallel_executor.executor.parallel:closing loop
[18.678s] DEBUG:colcon.colcon_parallel_executor.executor.parallel:loop closed
[18.678s] DEBUG:colcon.colcon_parallel_executor.executor.parallel:run_until_complete finished with '0'
[18.678s] DEBUG:colcon.colcon_core.event_reactor:joining thread
[18.687s] INFO:colcon.colcon_core.plugin_system:Skipping extension 'colcon_notification.desktop_notification.terminal_notifier': Not used on non-Darwin systems
[18.687s] INFO:colcon.colcon_core.plugin_system:Skipping extension 'colcon_notification.desktop_notification.win32': Not used on non-Windows systems
[18.687s] INFO:colcon.colcon_notification.desktop_notification:Sending desktop notification using 'notify2'
[18.709s] DEBUG:colcon.colcon_core.event_reactor:joined thread
[18.710s] INFO:colcon.colcon_core.shell:Creating prefix script '/home/behrad/ros2_ws/src/pivot_planner/install/local_setup.ps1'
[18.712s] INFO:colcon.colcon_core.shell:Creating prefix util module '/home/behrad/ros2_ws/src/pivot_planner/install/_local_setup_util_ps1.py'
[18.712s] INFO:colcon.colcon_core.shell:Creating prefix chain script '/home/behrad/ros2_ws/src/pivot_planner/install/setup.ps1'
[18.713s] INFO:colcon.colcon_core.shell:Creating prefix script '/home/behrad/ros2_ws/src/pivot_planner/install/local_setup.sh'
[18.714s] INFO:colcon.colcon_core.shell:Creating prefix util module '/home/behrad/ros2_ws/src/pivot_planner/install/_local_setup_util_sh.py'
[18.714s] INFO:colcon.colcon_core.shell:Creating prefix chain script '/home/behrad/ros2_ws/src/pivot_planner/install/setup.sh'
[18.715s] INFO:colcon.colcon_core.shell:Creating prefix script '/home/behrad/ros2_ws/src/pivot_planner/install/local_setup.bash'
[18.715s] INFO:colcon.colcon_core.shell:Creating prefix chain script '/home/behrad/ros2_ws/src/pivot_planner/install/setup.bash'
[18.716s] INFO:colcon.colcon_core.shell:Creating prefix script '/home/behrad/ros2_ws/src/pivot_planner/install/local_setup.zsh'
[18.716s] INFO:colcon.colcon_core.shell:Creating prefix chain script '/home/behrad/ros2_ws/src/pivot_planner/install/setup.zsh'
